Flow report for TatungEinstein_sockit
Sat May 14 17:55:57 2022
Quartus Prime Version 17.1.0 Build 590 10/25/2017 SJ Lite Edition


---------------------
; Table of Contents ;
---------------------
  1. Legal Notice
  2. Flow Summary
  3. Flow Settings
  4. Flow Non-Default Global Settings
  5. Flow Elapsed Time
  6. Flow OS Summary
  7. Flow Log
  8. Flow Messages
  9. Flow Suppressed Messages



----------------
; Legal Notice ;
----------------
Copyright (C) 2017  Intel Corporation. All rights reserved.
Your use of Intel Corporation's design tools, logic functions 
and other software and tools, and its AMPP partner logic 
functions, and any output files from any of the foregoing 
(including device programming or simulation files), and any 
associated documentation or information are expressly subject 
to the terms and conditions of the Intel Program License 
Subscription Agreement, the Intel Quartus Prime License Agreement,
the Intel FPGA IP License Agreement, or other applicable license
agreement, including, without limitation, that your use is for
the sole purpose of programming logic devices manufactured by
Intel and sold by Intel or its authorized distributors.  Please
refer to the applicable agreement for further details.



+-------------------------------------------------------------------------------+
; Flow Summary                                                                  ;
+---------------------------------+---------------------------------------------+
; Flow Status                     ; Successful - Sat May 14 17:55:26 2022       ;
; Quartus Prime Version           ; 17.1.0 Build 590 10/25/2017 SJ Lite Edition ;
; Revision Name                   ; TatungEinstein_sockit                       ;
; Top-level Entity Name           ; sockit_top                                  ;
; Family                          ; Cyclone V                                   ;
; Device                          ; 5CSXFC6D6F31C6                              ;
; Timing Models                   ; Final                                       ;
; Logic utilization (in ALMs)     ; 4,257 / 41,910 ( 10 % )                     ;
; Total registers                 ; 4114                                        ;
; Total pins                      ; 109 / 499 ( 22 % )                          ;
; Total virtual pins              ; 0                                           ;
; Total block memory bits         ; 1,113,568 / 5,662,720 ( 20 % )              ;
; Total DSP Blocks                ; 3 / 112 ( 3 % )                             ;
; Total HSSI RX PCSs              ; 0 / 9 ( 0 % )                               ;
; Total HSSI PMA RX Deserializers ; 0 / 9 ( 0 % )                               ;
; Total HSSI TX PCSs              ; 0 / 9 ( 0 % )                               ;
; Total HSSI PMA TX Serializers   ; 0 / 9 ( 0 % )                               ;
; Total PLLs                      ; 1 / 15 ( 7 % )                              ;
; Total DLLs                      ; 0 / 4 ( 0 % )                               ;
+---------------------------------+---------------------------------------------+


+-------------------------------------------+
; Flow Settings                             ;
+-------------------+-----------------------+
; Option            ; Setting               ;
+-------------------+-----------------------+
; Start date & time ; 05/14/2022 17:41:29   ;
; Main task         ; Compilation           ;
; Revision Name     ; TatungEinstein_sockit ;
+-------------------+-----------------------+


+--------------------------------------------------------------------------------------------------------------------------------------------------------------+
; Flow Non-Default Global Settings                                                                                                                             ;
+-------------------------------------+---------------------------------------------------------------------+-----------------------+-------------+------------+
; Assignment Name                     ; Value                                                               ; Default Value         ; Entity Name ; Section Id ;
+-------------------------------------+---------------------------------------------------------------------+-----------------------+-------------+------------+
; AUTO_MERGE_PLLS                     ; -- (Not supported for targeted family)                              ; On                    ; --          ; --         ;
; COMPILER_SIGNATURE_ID               ; 190135458541196.165254288913447                                     ; --                    ; --          ; --         ;
; FITTER_EFFORT                       ; Standard Fit                                                        ; Auto Fit              ; --          ; --         ;
; MAX_CORE_JUNCTION_TEMP              ; 85                                                                  ; --                    ; --          ; --         ;
; MIN_CORE_JUNCTION_TEMP              ; 0                                                                   ; --                    ; --          ; --         ;
; MISC_FILE                           ; pll.ppf                                                             ; --                    ; --          ; --         ;
; MISC_FILE                           ; ../DeMiSTify/controller/../EightThirtyTwo/RTL/debug_virtualjtag.cmp ; --                    ; --          ; --         ;
; MISC_FILE                           ; ../DeMiSTify/controller/../EightThirtyTwo/RTL/debug_fifo_altera.cmp ; --                    ; --          ; --         ;
; NUM_PARALLEL_PROCESSORS             ; All                                                                 ; --                    ; --          ; --         ;
; OUTPUT_IO_TIMING_FAR_END_VMEAS      ; Half Signal Swing                                                   ; --                    ; --          ; --         ;
; OUTPUT_IO_TIMING_FAR_END_VMEAS      ; Half Signal Swing                                                   ; --                    ; --          ; --         ;
; OUTPUT_IO_TIMING_NEAR_END_VMEAS     ; Half Vccio                                                          ; --                    ; --          ; --         ;
; OUTPUT_IO_TIMING_NEAR_END_VMEAS     ; Half Vccio                                                          ; --                    ; --          ; --         ;
; PARTITION_COLOR                     ; -- (Not supported for targeted family)                              ; --                    ; sockit_top  ; Top        ;
; PARTITION_FITTER_PRESERVATION_LEVEL ; -- (Not supported for targeted family)                              ; --                    ; sockit_top  ; Top        ;
; PARTITION_NETLIST_TYPE              ; -- (Not supported for targeted family)                              ; --                    ; sockit_top  ; Top        ;
; POWER_BOARD_THERMAL_MODEL           ; None (CONSERVATIVE)                                                 ; --                    ; --          ; --         ;
; POWER_PRESET_COOLING_SOLUTION       ; 23 MM HEAT SINK WITH 200 LFPM AIRFLOW                               ; --                    ; --          ; --         ;
; PRE_FLOW_SCRIPT_FILE                ; quartus_sh:../build_id.tcl                                          ; --                    ; --          ; --         ;
; PROJECT_OUTPUT_DIRECTORY            ; output_files                                                        ; --                    ; --          ; --         ;
; SMART_RECOMPILE                     ; On                                                                  ; Off                   ; --          ; --         ;
; TOP_LEVEL_ENTITY                    ; sockit_top                                                          ; TatungEinstein_sockit ; --          ; --         ;
; VERILOG_MACRO                       ; DEMISTIFY_PARALLEL_AUDIO=1                                          ; --                    ; --          ; --         ;
; VERILOG_MACRO                       ; DEMISTIFY_sockit=1                                                  ; --                    ; --          ; --         ;
; VERILOG_MACRO                       ; DEMISTIFY=1                                                         ; --                    ; --          ; --         ;
+-------------------------------------+---------------------------------------------------------------------+-----------------------+-------------+------------+


+-------------------------------------------------------------------------------------------------------------------------------+
; Flow Elapsed Time                                                                                                             ;
+---------------------------+--------------+-------------------------+---------------------+------------------------------------+
; Module Name               ; Elapsed Time ; Average Processors Used ; Peak Virtual Memory ; Total CPU Time (on all processors) ;
+---------------------------+--------------+-------------------------+---------------------+------------------------------------+
; Analysis & Synthesis      ; 00:01:00     ; 1.2                     ; 1157 MB             ; 00:01:31                           ;
; Fitter                    ; 00:12:34     ; 1.0                     ; 2364 MB             ; 00:15:34                           ;
; Assembler                 ; 00:00:15     ; 1.0                     ; 1031 MB             ; 00:00:15                           ;
; TimeQuest Timing Analyzer ; 00:00:30     ; 1.6                     ; 1330 MB             ; 00:00:46                           ;
; Total                     ; 00:14:19     ; --                      ; --                  ; 00:18:06                           ;
+---------------------------+--------------+-------------------------+---------------------+------------------------------------+


+---------------------------------------------------------------------------------------------+
; Flow OS Summary                                                                             ;
+---------------------------+------------------+----------------+------------+----------------+
; Module Name               ; Machine Hostname ; OS Name        ; OS Version ; Processor type ;
+---------------------------+------------------+----------------+------------+----------------+
; Analysis & Synthesis      ; jordi-TM1613     ; Ubuntu 20.04.4 ; 20         ; x86_64         ;
; Fitter                    ; jordi-TM1613     ; Ubuntu 20.04.4 ; 20         ; x86_64         ;
; Assembler                 ; jordi-TM1613     ; Ubuntu 20.04.4 ; 20         ; x86_64         ;
; TimeQuest Timing Analyzer ; jordi-TM1613     ; Ubuntu 20.04.4 ; 20         ; x86_64         ;
+---------------------------+------------------+----------------+------------+----------------+


------------
; Flow Log ;
------------
quartus_map --read_settings_files=on --write_settings_files=off TatungEinstein_sockit -c TatungEinstein_sockit
quartus_fit --read_settings_files=off --write_settings_files=off TatungEinstein_sockit -c TatungEinstein_sockit
quartus_asm --read_settings_files=off --write_settings_files=off TatungEinstein_sockit -c TatungEinstein_sockit
quartus_sta TatungEinstein_sockit -c TatungEinstein_sockit



